<?xml version="1.0" encoding="UTF-8"?>
<testng-results skipped="0" failed="0" ignored="0" total="1" passed="1">
  <reporter-output>
  </reporter-output>
  <suite name="com.flipkart.qa.testcases.productCategoryPage.AddingProjectToCartTest" duration-ms="30170" started-at="2019-08-16T04:18:13Z" finished-at="2019-08-16T04:18:43Z">
    <groups>
    </groups>
    <test name="Command line test" duration-ms="30170" started-at="2019-08-16T04:18:13Z" finished-at="2019-08-16T04:18:43Z">
      <class name="com.flipkart.qa.testcases.productCategoryPage.AddingProjectToCartTest">
        <test-method status="PASS" signature="setup()[pri:0, instance:com.flipkart.qa.testcases.productCategoryPage.AddingProjectToCartTest@4590c9c3]" name="setup" is-config="true" duration-ms="21297" started-at="2019-08-16T04:18:13Z" finished-at="2019-08-16T04:18:34Z">
          <reporter-output>
          </reporter-output>
        </test-method> <!-- setup -->
        <test-method status="PASS" signature="loginTest()[pri:0, instance:com.flipkart.qa.testcases.productCategoryPage.AddingProjectToCartTest@4590c9c3]" name="loginTest" duration-ms="8853" started-at="2019-08-16T04:18:34Z" finished-at="2019-08-16T04:18:43Z">
          <reporter-output>
          </reporter-output>
        </test-method> <!-- loginTest -->
        <test-method status="PASS" signature="tearDown()[pri:0, instance:com.flipkart.qa.testcases.productCategoryPage.AddingProjectToCartTest@4590c9c3]" name="tearDown" is-config="true" duration-ms="1" started-at="2019-08-16T04:18:43Z" finished-at="2019-08-16T04:18:43Z">
          <reporter-output>
          </reporter-output>
        </test-method> <!-- tearDown -->
      </class> <!-- com.flipkart.qa.testcases.productCategoryPage.AddingProjectToCartTest -->
    </test> <!-- Command line test -->
  </suite> <!-- com.flipkart.qa.testcases.productCategoryPage.AddingProjectToCartTest -->
</testng-results>
