<?xml version="1.0" encoding="UTF-8"?>
<testng-results skipped="1" failed="0" ignored="0" total="5" passed="4">
  <reporter-output>
    <line>
      <![CDATA[Verify Login With Valid Credentials Class Started..]]>
    </line>
    <line>
      <![CDATA[loginTestWithValidInput is started successfully]]>
    </line>
    <line>
      <![CDATA[Login into application]]>
    </line>
    <line>
      <![CDATA[Entering Email Id 0r Mobile Number floret.classifiedads5@gmail.com]]>
    </line>
    <line>
      <![CDATA[Entering Password 70307134506]]>
    </line>
    <line>
      <![CDATA[clicked 70307134506]]>
    </line>
    <line>
      <![CDATA[Logout Successfully]]>
    </line>
    <line>
      <![CDATA[loginTestWithValidInput test case is passed]]>
    </line>
    <line>
      <![CDATA[loginTestWithValidInput is started successfully]]>
    </line>
    <line>
      <![CDATA[loginTestWithValidInput is skipped..org.testng.SkipException: Run mode for data set is N ]]>
    </line>
    <line>
      <![CDATA[loginTestWithValidInput is started successfully]]>
    </line>
    <line>
      <![CDATA[Login into application]]>
    </line>
    <line>
      <![CDATA[Entering Email Id 0r Mobile Number 8553610403]]>
    </line>
    <line>
      <![CDATA[Entering Password f1234567890k]]>
    </line>
    <line>
      <![CDATA[clicked f1234567890k]]>
    </line>
    <line>
      <![CDATA[Logout Successfully]]>
    </line>
    <line>
      <![CDATA[loginTestWithValidInput test case is passed]]>
    </line>
    <line>
      <![CDATA[Verify Login With Valid Credentials Class Finished..]]>
    </line>
    <line>
      <![CDATA[Adding Single Project To Cart Test Class Started..]]>
    </line>
    <line>
      <![CDATA[addingSingleProjectToCartTest is started successfully]]>
    </line>
    <line>
      <![CDATA[Closing Login Popup]]>
    </line>
    <line>
      <![CDATA[Mouse hovering to Main Menu Electronics]]>
    </line>
    <line>
      <![CDATA[Mouse hovering to Sub Main Menu Mi]]>
    </line>
    <line>
      <![CDATA[Cliked on the Sub Main Menu Mi]]>
    </line>
    <line>
      <![CDATA[Getting Search Result Page Product(Redmi Note 7 Pro (Space Black, 64 GB)) Offer Price]]>
    </line>
    <line>
      <![CDATA[Clicking Redmi Note 7 Pro (Space Black, 64 GB) from search results]]>
    </line>
    <line>
      <![CDATA[Getting Product Overview Page Product Offer Price]]>
    </line>
    <line>
      <![CDATA[Getting Product Overview Page Product Original Price]]>
    </line>
    <line>
      <![CDATA[Verifiying Search result page Product Offer price 13,999 with product overview page Offer price 13,999]]>
    </line>
    <line>
      <![CDATA[Verifiying Search result page Product Original price 15,999 with product overview page Offer price 15,999]]>
    </line>
    <line>
      <![CDATA[clicking add to cart button]]>
    </line>
    <line>
      <![CDATA[Getting Product Overview Page Product Offer Price]]>
    </line>
    <line>
      <![CDATA[Getting Product Overview Page Product Original Price]]>
    </line>
    <line>
      <![CDATA[Getting View Cart Page Product Offer Price]]>
    </line>
    <line>
      <![CDATA[Getting View Cart Page Product Original Price]]>
    </line>
    <line>
      <![CDATA[Getting Total Items Text]]>
    </line>
    <line>
      <![CDATA[Getting View Cart Page My Total Products Size]]>
    </line>
    <line>
      <![CDATA[Verifiying view page added My cart Total product count 1 with PRICE DETAILS total Items count 1]]>
    </line>
    <line>
      <![CDATA[Getting View Cart Page My Added Products Total Offer Price]]>
    </line>
    <line>
      <![CDATA[Getting View Cart Page Total Payable Price]]>
    </line>
    <line>
      <![CDATA[Verifiying view page added My Cart Total Price 13999 with My Cart Total Payable Price 13999]]>
    </line>
    <line>
      <![CDATA[Getting View Cart Page My Added Products Total Saving Price]]>
    </line>
    <line>
      <![CDATA[Getting View Cart Page My Added Products Total Offer Price]]>
    </line>
    <line>
      <![CDATA[Getting View Cart Page My Added Products Total Orinal Price]]>
    </line>
    <line>
      <![CDATA[Getting View Cart Page You wil Save Price]]>
    </line>
    <line>
      <![CDATA[Verifiying view page added My Cart Save Price 2000 with PRICE DETAILS You Will Save Price 2000]]>
    </line>
    <line>
      <![CDATA[clicking place order button]]>
    </line>
    <line>
      <![CDATA[addingSingleProjectToCartTest test case is passed]]>
    </line>
    <line>
      <![CDATA[Adding Single Project To Cart Test Class Finished..]]>
    </line>
    <line>
      <![CDATA[Adding Multiple Project To Cart Test Class Started..]]>
    </line>
    <line>
      <![CDATA[addingMultipleProjectToCartTest is started successfully]]>
    </line>
    <line>
      <![CDATA[Closing Login Popup]]>
    </line>
    <line>
      <![CDATA[Mouse hovering to Main Menu Electronics]]>
    </line>
    <line>
      <![CDATA[Mouse hovering to Sub Main Menu Mi]]>
    </line>
    <line>
      <![CDATA[Cliked on the Sub Main Menu Mi]]>
    </line>
    <line>
      <![CDATA[Getting Search Result Page Product(Redmi Note 7 Pro (Space Black, 64 GB)) Offer Price]]>
    </line>
    <line>
      <![CDATA[Clicking Redmi Note 7 Pro (Space Black, 64 GB) from search results]]>
    </line>
    <line>
      <![CDATA[Getting Product Overview Page Product Offer Price]]>
    </line>
    <line>
      <![CDATA[Getting Product Overview Page Product Original Price]]>
    </line>
    <line>
      <![CDATA[Verifiying Search result page Product Offer price 13,999 with product overview page Offer price 13,999]]>
    </line>
    <line>
      <![CDATA[Verifiying Search result page Product Original price 15,999 with product overview page Offer price 15,999]]>
    </line>
    <line>
      <![CDATA[clicking add to cart button]]>
    </line>
    <line>
      <![CDATA[Getting Product Overview Page Product Offer Price]]>
    </line>
    <line>
      <![CDATA[Getting Product Overview Page Product Original Price]]>
    </line>
    <line>
      <![CDATA[Getting View Cart Page Product Offer Price]]>
    </line>
    <line>
      <![CDATA[Getting View Cart Page Product Original Price]]>
    </line>
    <line>
      <![CDATA[Getting Total Items Text]]>
    </line>
    <line>
      <![CDATA[Getting View Cart Page My Total Products Size]]>
    </line>
    <line>
      <![CDATA[Verifiying view page added My cart Total product count 1 with PRICE DETAILS total Items count 1]]>
    </line>
    <line>
      <![CDATA[Getting View Cart Page My Added Products Total Offer Price]]>
    </line>
    <line>
      <![CDATA[Getting View Cart Page Total Payable Price]]>
    </line>
    <line>
      <![CDATA[Verifiying view page added My Cart Total Price 13999 with My Cart Total Payable Price 13999]]>
    </line>
    <line>
      <![CDATA[Getting View Cart Page My Added Products Total Saving Price]]>
    </line>
    <line>
      <![CDATA[Getting View Cart Page My Added Products Total Offer Price]]>
    </line>
    <line>
      <![CDATA[Getting View Cart Page My Added Products Total Orinal Price]]>
    </line>
    <line>
      <![CDATA[Getting View Cart Page You wil Save Price]]>
    </line>
    <line>
      <![CDATA[Verifiying view page added My Cart Save Price 2000 with PRICE DETAILS You Will Save Price 2000]]>
    </line>
    <line>
      <![CDATA[Mouse hovering to Main Menu Men]]>
    </line>
    <line>
      <![CDATA[Mouse hovering to Sub Main Menu Sports Shoes]]>
    </line>
    <line>
      <![CDATA[Cliked on the Sub Main Menu Sports Shoes]]>
    </line>
    <line>
      <![CDATA[Getting Search Result Page Product(WNDR-13 Running Shoes For Men) Offer Price]]>
    </line>
    <line>
      <![CDATA[Clicking WNDR-13 Running Shoes For Men from search results]]>
    </line>
    <line>
      <![CDATA[Getting Product Overview Page Product Offer Price]]>
    </line>
    <line>
      <![CDATA[Getting Product Overview Page Product Original Price]]>
    </line>
    <line>
      <![CDATA[Verifiying Search result page Product Offer price 474 with product overview page Offer price 474]]>
    </line>
    <line>
      <![CDATA[Verifiying Search result page Product Original price 599 with product overview page Offer price 599]]>
    </line>
    <line>
      <![CDATA[clicking add to cart button]]>
    </line>
    <line>
      <![CDATA[Getting Product Overview Page Product Offer Price]]>
    </line>
    <line>
      <![CDATA[Getting Product Overview Page Product Original Price]]>
    </line>
    <line>
      <![CDATA[Getting View Cart Page Product Offer Price]]>
    </line>
    <line>
      <![CDATA[Getting View Cart Page Product Original Price]]>
    </line>
    <line>
      <![CDATA[Verifiying Product overview page Offer price 474 with ViewCart Page Offer price 474]]>
    </line>
    <line>
      <![CDATA[Verifiying Product overview page Original price 599 with ViewCart Page Original price 599]]>
    </line>
    <line>
      <![CDATA[Getting Total Items Text]]>
    </line>
    <line>
      <![CDATA[Getting View Cart Page My Total Products Size]]>
    </line>
    <line>
      <![CDATA[Verifiying view page added My cart Total product count 2 with PRICE DETAILS total Items count 2]]>
    </line>
    <line>
      <![CDATA[Getting View Cart Page My Added Products Total Offer Price]]>
    </line>
    <line>
      <![CDATA[Getting View Cart Page Total Payable Price]]>
    </line>
    <line>
      <![CDATA[Verifiying view page added My Cart Total Price 14473 with My Cart Total Payable Price 14473]]>
    </line>
    <line>
      <![CDATA[Getting View Cart Page My Added Products Total Saving Price]]>
    </line>
    <line>
      <![CDATA[Getting View Cart Page My Added Products Total Offer Price]]>
    </line>
    <line>
      <![CDATA[Getting View Cart Page My Added Products Total Orinal Price]]>
    </line>
    <line>
      <![CDATA[Getting View Cart Page You wil Save Price]]>
    </line>
    <line>
      <![CDATA[Verifiying view page added My Cart Save Price 2125 with PRICE DETAILS You Will Save Price 2125]]>
    </line>
    <line>
      <![CDATA[clicking place order button]]>
    </line>
    <line>
      <![CDATA[addingMultipleProjectToCartTest test case is passed]]>
    </line>
  </reporter-output>
  <suite name="Verifying HomePage Login Test" duration-ms="87477" started-at="2019-09-18T13:51:19Z" finished-at="2019-09-18T13:52:47Z">
    <groups>
    </groups>
    <test name="Verify Login With Valid Credentials" duration-ms="87477" started-at="2019-09-18T13:51:19Z" finished-at="2019-09-18T13:52:47Z">
      <class name="com.flipkart.qa.testcases.homepage.LoginTestValidInput">
        <test-method status="PASS" signature="beforeSuite()[pri:0, instance:com.flipkart.qa.testcases.homepage.LoginTestValidInput@5ae9a829]" name="beforeSuite" is-config="true" duration-ms="135" started-at="2019-09-18T13:51:19Z" finished-at="2019-09-18T13:51:19Z">
          <reporter-output>
          </reporter-output>
        </test-method> <!-- beforeSuite -->
        <test-method status="PASS" signature="beforeTest()[pri:0, instance:com.flipkart.qa.testcases.homepage.LoginTestValidInput@5ae9a829]" name="beforeTest" is-config="true" duration-ms="5" started-at="2019-09-18T13:51:19Z" finished-at="2019-09-18T13:51:19Z">
          <reporter-output>
          </reporter-output>
        </test-method> <!-- beforeTest -->
        <test-method status="PASS" signature="setup()[pri:0, instance:com.flipkart.qa.testcases.homepage.LoginTestValidInput@5ae9a829]" name="setup" is-config="true" duration-ms="30865" started-at="2019-09-18T13:51:19Z" finished-at="2019-09-18T13:51:50Z">
          <reporter-output>
          </reporter-output>
        </test-method> <!-- setup -->
        <test-method status="PASS" signature="beforeMethod(java.lang.reflect.Method)[pri:0, instance:com.flipkart.qa.testcases.homepage.LoginTestValidInput@5ae9a829]" name="beforeMethod" is-config="true" duration-ms="5" started-at="2019-09-18T13:51:51Z" finished-at="2019-09-18T13:51:51Z">
          <params>
            <param index="0">
              <value>
                <![CDATA[public void com.flipkart.qa.testcases.homepage.LoginTestValidInput.loginTestWithValidInput(java.lang.String,java.lang.String,java.lang.String) throws java.lang.InterruptedException]]>
              </value>
            </param>
          </params>
          <reporter-output>
          </reporter-output>
        </test-method> <!-- beforeMethod -->
        <test-method status="PASS" signature="loginTestWithValidInput(java.lang.String, java.lang.String, java.lang.String)[pri:0, instance:com.flipkart.qa.testcases.homepage.LoginTestValidInput@5ae9a829]" name="loginTestWithValidInput" duration-ms="22595" started-at="2019-09-18T13:51:51Z" data-provider="testData" finished-at="2019-09-18T13:52:13Z">
          <params>
            <param index="0">
              <value>
                <![CDATA[floret.classifiedads5@gmail.com]]>
              </value>
            </param>
            <param index="1">
              <value>
                <![CDATA[70307134506]]>
              </value>
            </param>
            <param index="2">
              <value>
                <![CDATA[Y]]>
              </value>
            </param>
          </params>
          <reporter-output>
            <line>
              <![CDATA[loginTestWithValidInput is started successfully]]>
            </line>
            <line>
              <![CDATA[Login into application]]>
            </line>
            <line>
              <![CDATA[Entering Email Id 0r Mobile Number floret.classifiedads5@gmail.com]]>
            </line>
            <line>
              <![CDATA[Entering Password 70307134506]]>
            </line>
            <line>
              <![CDATA[clicked 70307134506]]>
            </line>
            <line>
              <![CDATA[Logout Successfully]]>
            </line>
            <line>
              <![CDATA[loginTestWithValidInput test case is passed]]>
            </line>
          </reporter-output>
        </test-method> <!-- loginTestWithValidInput -->
        <test-method status="PASS" signature="afterMthod(org.testng.ITestResult)[pri:0, instance:com.flipkart.qa.testcases.homepage.LoginTestValidInput@5ae9a829]" name="afterMthod" is-config="true" duration-ms="221" started-at="2019-09-18T13:52:13Z" finished-at="2019-09-18T13:52:14Z">
          <params>
            <param index="0">
              <value>
                <![CDATA[[TestResult name=loginTestWithValidInput status=SUCCESS method=LoginTestValidInput.loginTestWithValidInput(java.lang.String, java.lang.String, java.lang.String)[pri:0, instance:com.flipkart.qa.testcases.homepage.LoginTestValidInput@5ae9a829] output=loginTestWithValidInput is started successfully]]]>
              </value>
            </param>
          </params>
          <reporter-output>
          </reporter-output>
        </test-method> <!-- afterMthod -->
        <test-method status="PASS" signature="beforeMethod(java.lang.reflect.Method)[pri:0, instance:com.flipkart.qa.testcases.homepage.LoginTestValidInput@5ae9a829]" name="beforeMethod" is-config="true" duration-ms="1" started-at="2019-09-18T13:52:14Z" finished-at="2019-09-18T13:52:14Z">
          <params>
            <param index="0">
              <value>
                <![CDATA[public void com.flipkart.qa.testcases.homepage.LoginTestValidInput.loginTestWithValidInput(java.lang.String,java.lang.String,java.lang.String) throws java.lang.InterruptedException]]>
              </value>
            </param>
          </params>
          <reporter-output>
          </reporter-output>
        </test-method> <!-- beforeMethod -->
        <test-method status="SKIP" signature="loginTestWithValidInput(java.lang.String, java.lang.String, java.lang.String)[pri:0, instance:com.flipkart.qa.testcases.homepage.LoginTestValidInput@5ae9a829]" name="loginTestWithValidInput" duration-ms="1" started-at="2019-09-18T13:52:14Z" data-provider="testData" finished-at="2019-09-18T13:52:14Z">
          <params>
            <param index="0">
              <value>
                <![CDATA[floret.classifiedads5@gmail.com]]>
              </value>
            </param>
            <param index="1">
              <value>
                <![CDATA[70307134506]]>
              </value>
            </param>
            <param index="2">
              <value>
                <![CDATA[N]]>
              </value>
            </param>
          </params>
          <exception class="org.testng.SkipException">
            <message>
              <![CDATA[Run mode for data set is N ]]>
            </message>
            <full-stacktrace>
              <![CDATA[org.testng.SkipException: Run mode for data set is N 
at com.flipkart.qa.testcases.homepage.LoginTestValidInput.loginTestWithValidInput(LoginTestValidInput.java:37)
at sun.reflect.NativeMethodAccessorImpl.invoke0(Native Method)
at sun.reflect.NativeMethodAccessorImpl.invoke(NativeMethodAccessorImpl.java:62)
at sun.reflect.DelegatingMethodAccessorImpl.invoke(DelegatingMethodAccessorImpl.java:43)
at java.lang.reflect.Method.invoke(Method.java:498)
at org.testng.internal.MethodInvocationHelper.invokeMethod(MethodInvocationHelper.java:124)
at org.testng.internal.Invoker.invokeMethod(Invoker.java:583)
at org.testng.internal.Invoker.invokeTestMethod(Invoker.java:719)
at org.testng.internal.Invoker.invokeTestMethods(Invoker.java:989)
at org.testng.internal.TestMethodWorker.invokeTestMethods(TestMethodWorker.java:125)
at org.testng.internal.TestMethodWorker.run(TestMethodWorker.java:109)
at org.testng.TestRunner.privateRun(TestRunner.java:648)
at org.testng.TestRunner.run(TestRunner.java:505)
at org.testng.SuiteRunner.runTest(SuiteRunner.java:455)
at org.testng.SuiteRunner.runSequentially(SuiteRunner.java:450)
at org.testng.SuiteRunner.privateRun(SuiteRunner.java:415)
at org.testng.SuiteRunner.run(SuiteRunner.java:364)
at org.testng.SuiteRunnerWorker.runSuite(SuiteRunnerWorker.java:52)
at org.testng.SuiteRunnerWorker.run(SuiteRunnerWorker.java:84)
at org.testng.TestNG.runSuitesSequentially(TestNG.java:1208)
at org.testng.TestNG.runSuitesSequentially(TestNG.java:1204)
at org.testng.TestNG.runSuitesLocally(TestNG.java:1137)
at org.testng.TestNG.runSuites(TestNG.java:1049)
at org.testng.TestNG.run(TestNG.java:1017)
at org.apache.maven.surefire.testng.TestNGExecutor.run(TestNGExecutor.java:283)
at org.apache.maven.surefire.testng.TestNGXmlTestSuite.execute(TestNGXmlTestSuite.java:75)
at org.apache.maven.surefire.testng.TestNGProvider.invoke(TestNGProvider.java:120)
at org.apache.maven.surefire.booter.ForkedBooter.invokeProviderInSameClassLoader(ForkedBooter.java:373)
at org.apache.maven.surefire.booter.ForkedBooter.runSuitesInProcess(ForkedBooter.java:334)
at org.apache.maven.surefire.booter.ForkedBooter.execute(ForkedBooter.java:119)
at org.apache.maven.surefire.booter.ForkedBooter.main(ForkedBooter.java:407)
]]>
            </full-stacktrace>
          </exception> <!-- org.testng.SkipException -->
          <reporter-output>
            <line>
              <![CDATA[loginTestWithValidInput is started successfully]]>
            </line>
            <line>
              <![CDATA[loginTestWithValidInput is skipped..org.testng.SkipException: Run mode for data set is N ]]>
            </line>
          </reporter-output>
        </test-method> <!-- loginTestWithValidInput -->
        <test-method status="PASS" signature="afterMthod(org.testng.ITestResult)[pri:0, instance:com.flipkart.qa.testcases.homepage.LoginTestValidInput@5ae9a829]" name="afterMthod" is-config="true" duration-ms="59" started-at="2019-09-18T13:52:14Z" finished-at="2019-09-18T13:52:14Z">
          <params>
            <param index="0">
              <value>
                <![CDATA[[TestResult name=loginTestWithValidInput status=SKIP method=LoginTestValidInput.loginTestWithValidInput(java.lang.String, java.lang.String, java.lang.String)[pri:0, instance:com.flipkart.qa.testcases.homepage.LoginTestValidInput@5ae9a829] output=loginTestWithValidInput is started successfully]]]>
              </value>
            </param>
          </params>
          <reporter-output>
          </reporter-output>
        </test-method> <!-- afterMthod -->
        <test-method status="PASS" signature="beforeMethod(java.lang.reflect.Method)[pri:0, instance:com.flipkart.qa.testcases.homepage.LoginTestValidInput@5ae9a829]" name="beforeMethod" is-config="true" duration-ms="1" started-at="2019-09-18T13:52:14Z" finished-at="2019-09-18T13:52:14Z">
          <params>
            <param index="0">
              <value>
                <![CDATA[public void com.flipkart.qa.testcases.homepage.LoginTestValidInput.loginTestWithValidInput(java.lang.String,java.lang.String,java.lang.String) throws java.lang.InterruptedException]]>
              </value>
            </param>
          </params>
          <reporter-output>
          </reporter-output>
        </test-method> <!-- beforeMethod -->
        <test-method status="PASS" signature="loginTestWithValidInput(java.lang.String, java.lang.String, java.lang.String)[pri:0, instance:com.flipkart.qa.testcases.homepage.LoginTestValidInput@5ae9a829]" name="loginTestWithValidInput" duration-ms="32525" started-at="2019-09-18T13:52:14Z" data-provider="testData" finished-at="2019-09-18T13:52:46Z">
          <params>
            <param index="0">
              <value>
                <![CDATA[8553610403]]>
              </value>
            </param>
            <param index="1">
              <value>
                <![CDATA[f1234567890k]]>
              </value>
            </param>
            <param index="2">
              <value>
                <![CDATA[Y]]>
              </value>
            </param>
          </params>
          <reporter-output>
            <line>
              <![CDATA[loginTestWithValidInput is started successfully]]>
            </line>
            <line>
              <![CDATA[Login into application]]>
            </line>
            <line>
              <![CDATA[Entering Email Id 0r Mobile Number 8553610403]]>
            </line>
            <line>
              <![CDATA[Entering Password f1234567890k]]>
            </line>
            <line>
              <![CDATA[clicked f1234567890k]]>
            </line>
            <line>
              <![CDATA[Logout Successfully]]>
            </line>
            <line>
              <![CDATA[loginTestWithValidInput test case is passed]]>
            </line>
          </reporter-output>
        </test-method> <!-- loginTestWithValidInput -->
        <test-method status="PASS" signature="afterMthod(org.testng.ITestResult)[pri:0, instance:com.flipkart.qa.testcases.homepage.LoginTestValidInput@5ae9a829]" name="afterMthod" is-config="true" duration-ms="42" started-at="2019-09-18T13:52:46Z" finished-at="2019-09-18T13:52:46Z">
          <params>
            <param index="0">
              <value>
                <![CDATA[[TestResult name=loginTestWithValidInput status=SUCCESS method=LoginTestValidInput.loginTestWithValidInput(java.lang.String, java.lang.String, java.lang.String)[pri:0, instance:com.flipkart.qa.testcases.homepage.LoginTestValidInput@5ae9a829] output=loginTestWithValidInput is started successfully]]]>
              </value>
            </param>
          </params>
          <reporter-output>
          </reporter-output>
        </test-method> <!-- afterMthod -->
        <test-method status="PASS" signature="afterTest()[pri:0, instance:com.flipkart.qa.testcases.homepage.LoginTestValidInput@5ae9a829]" name="afterTest" is-config="true" duration-ms="669" started-at="2019-09-18T13:52:46Z" finished-at="2019-09-18T13:52:47Z">
          <reporter-output>
          </reporter-output>
        </test-method> <!-- afterTest -->
      </class> <!-- com.flipkart.qa.testcases.homepage.LoginTestValidInput -->
    </test> <!-- Verify Login With Valid Credentials -->
  </suite> <!-- Verifying HomePage Login Test -->
  <suite name="Test Suite for FlipKart Website" duration-ms="0" started-at="2019-09-18T13:55:09Z" finished-at="2019-09-18T13:55:09Z">
    <groups>
    </groups>
  </suite> <!-- Test Suite for FlipKart Website -->
  <suite name="Search Result Page Verification" duration-ms="141902" started-at="2019-09-18T13:52:47Z" finished-at="2019-09-18T13:55:09Z">
    <groups>
    </groups>
    <test name="Adding Single Project To Cart Test" duration-ms="37804" started-at="2019-09-18T13:52:47Z" finished-at="2019-09-18T13:53:25Z">
      <class name="com.flipkart.qa.testcases.productCategoryPage.AddingSingleProjectToCartTest">
        <test-method status="PASS" signature="setup()[pri:0, instance:com.flipkart.qa.testcases.productCategoryPage.AddingSingleProjectToCartTest@7c16905e]" name="setup" is-config="true" duration-ms="21603" started-at="2019-09-18T13:52:47Z" finished-at="2019-09-18T13:53:09Z">
          <reporter-output>
          </reporter-output>
        </test-method> <!-- setup -->
        <test-method status="PASS" signature="beforeTest()[pri:0, instance:com.flipkart.qa.testcases.productCategoryPage.AddingSingleProjectToCartTest@7c16905e]" name="beforeTest" is-config="true" duration-ms="0" started-at="2019-09-18T13:52:47Z" finished-at="2019-09-18T13:52:47Z">
          <reporter-output>
          </reporter-output>
        </test-method> <!-- beforeTest -->
        <test-method status="PASS" signature="beforeMethod(java.lang.reflect.Method)[pri:0, instance:com.flipkart.qa.testcases.productCategoryPage.AddingSingleProjectToCartTest@7c16905e]" name="beforeMethod" is-config="true" duration-ms="1" started-at="2019-09-18T13:53:09Z" finished-at="2019-09-18T13:53:09Z">
          <params>
            <param index="0">
              <value>
                <![CDATA[public void com.flipkart.qa.testcases.productCategoryPage.AddingSingleProjectToCartTest.addingSingleProjectToCartTest() throws java.lang.InterruptedException]]>
              </value>
            </param>
          </params>
          <reporter-output>
          </reporter-output>
        </test-method> <!-- beforeMethod -->
        <test-method status="PASS" signature="addingSingleProjectToCartTest()[pri:0, instance:com.flipkart.qa.testcases.productCategoryPage.AddingSingleProjectToCartTest@7c16905e]" name="addingSingleProjectToCartTest" duration-ms="15496" started-at="2019-09-18T13:53:09Z" finished-at="2019-09-18T13:53:24Z">
          <reporter-output>
            <line>
              <![CDATA[addingSingleProjectToCartTest is started successfully]]>
            </line>
            <line>
              <![CDATA[Closing Login Popup]]>
            </line>
            <line>
              <![CDATA[Mouse hovering to Main Menu Electronics]]>
            </line>
            <line>
              <![CDATA[Mouse hovering to Sub Main Menu Mi]]>
            </line>
            <line>
              <![CDATA[Cliked on the Sub Main Menu Mi]]>
            </line>
            <line>
              <![CDATA[Getting Search Result Page Product(Redmi Note 7 Pro (Space Black, 64 GB)) Offer Price]]>
            </line>
            <line>
              <![CDATA[Clicking Redmi Note 7 Pro (Space Black, 64 GB) from search results]]>
            </line>
            <line>
              <![CDATA[Getting Product Overview Page Product Offer Price]]>
            </line>
            <line>
              <![CDATA[Getting Product Overview Page Product Original Price]]>
            </line>
            <line>
              <![CDATA[Verifiying Search result page Product Offer price 13,999 with product overview page Offer price 13,999]]>
            </line>
            <line>
              <![CDATA[Verifiying Search result page Product Original price 15,999 with product overview page Offer price 15,999]]>
            </line>
            <line>
              <![CDATA[clicking add to cart button]]>
            </line>
            <line>
              <![CDATA[Getting Product Overview Page Product Offer Price]]>
            </line>
            <line>
              <![CDATA[Getting Product Overview Page Product Original Price]]>
            </line>
            <line>
              <![CDATA[Getting View Cart Page Product Offer Price]]>
            </line>
            <line>
              <![CDATA[Getting View Cart Page Product Original Price]]>
            </line>
            <line>
              <![CDATA[Getting Total Items Text]]>
            </line>
            <line>
              <![CDATA[Getting View Cart Page My Total Products Size]]>
            </line>
            <line>
              <![CDATA[Verifiying view page added My cart Total product count 1 with PRICE DETAILS total Items count 1]]>
            </line>
            <line>
              <![CDATA[Getting View Cart Page My Added Products Total Offer Price]]>
            </line>
            <line>
              <![CDATA[Getting View Cart Page Total Payable Price]]>
            </line>
            <line>
              <![CDATA[Verifiying view page added My Cart Total Price 13999 with My Cart Total Payable Price 13999]]>
            </line>
            <line>
              <![CDATA[Getting View Cart Page My Added Products Total Saving Price]]>
            </line>
            <line>
              <![CDATA[Getting View Cart Page My Added Products Total Offer Price]]>
            </line>
            <line>
              <![CDATA[Getting View Cart Page My Added Products Total Orinal Price]]>
            </line>
            <line>
              <![CDATA[Getting View Cart Page You wil Save Price]]>
            </line>
            <line>
              <![CDATA[Verifiying view page added My Cart Save Price 2000 with PRICE DETAILS You Will Save Price 2000]]>
            </line>
            <line>
              <![CDATA[clicking place order button]]>
            </line>
            <line>
              <![CDATA[addingSingleProjectToCartTest test case is passed]]>
            </line>
          </reporter-output>
        </test-method> <!-- addingSingleProjectToCartTest -->
        <test-method status="PASS" signature="afterMthod(org.testng.ITestResult)[pri:0, instance:com.flipkart.qa.testcases.productCategoryPage.AddingSingleProjectToCartTest@7c16905e]" name="afterMthod" is-config="true" duration-ms="40" started-at="2019-09-18T13:53:24Z" finished-at="2019-09-18T13:53:24Z">
          <params>
            <param index="0">
              <value>
                <![CDATA[[TestResult name=addingSingleProjectToCartTest status=SUCCESS method=AddingSingleProjectToCartTest.addingSingleProjectToCartTest()[pri:0, instance:com.flipkart.qa.testcases.productCategoryPage.AddingSingleProjectToCartTest@7c16905e] output=addingSingleProjectToCartTest is started successfully]]]>
              </value>
            </param>
          </params>
          <reporter-output>
          </reporter-output>
        </test-method> <!-- afterMthod -->
        <test-method status="PASS" signature="afterTest()[pri:0, instance:com.flipkart.qa.testcases.productCategoryPage.AddingSingleProjectToCartTest@7c16905e]" name="afterTest" is-config="true" duration-ms="662" started-at="2019-09-18T13:53:24Z" finished-at="2019-09-18T13:53:25Z">
          <reporter-output>
          </reporter-output>
        </test-method> <!-- afterTest -->
      </class> <!-- com.flipkart.qa.testcases.productCategoryPage.AddingSingleProjectToCartTest -->
    </test> <!-- Adding Single Project To Cart Test -->
    <test name="Adding Multiple Project To Cart Test" duration-ms="104079" started-at="2019-09-18T13:53:25Z" finished-at="2019-09-18T13:55:09Z">
      <class name="com.flipkart.qa.testcases.productCategoryPage.AddingMultipleProjectToCartTest">
        <test-method status="PASS" signature="beforeSuite()[pri:0, instance:com.flipkart.qa.testcases.productCategoryPage.AddingMultipleProjectToCartTest@482f8f11]" name="beforeSuite" is-config="true" duration-ms="0" started-at="2019-09-18T13:52:47Z" finished-at="2019-09-18T13:52:47Z">
          <reporter-output>
          </reporter-output>
        </test-method> <!-- beforeSuite -->
        <test-method status="PASS" signature="beforeTest()[pri:0, instance:com.flipkart.qa.testcases.productCategoryPage.AddingMultipleProjectToCartTest@482f8f11]" name="beforeTest" is-config="true" duration-ms="0" started-at="2019-09-18T13:53:25Z" finished-at="2019-09-18T13:53:25Z">
          <reporter-output>
          </reporter-output>
        </test-method> <!-- beforeTest -->
        <test-method status="PASS" signature="setup()[pri:0, instance:com.flipkart.qa.testcases.productCategoryPage.AddingMultipleProjectToCartTest@482f8f11]" name="setup" is-config="true" duration-ms="44831" started-at="2019-09-18T13:53:25Z" finished-at="2019-09-18T13:54:10Z">
          <reporter-output>
          </reporter-output>
        </test-method> <!-- setup -->
        <test-method status="PASS" signature="beforeMethod(java.lang.reflect.Method)[pri:0, instance:com.flipkart.qa.testcases.productCategoryPage.AddingMultipleProjectToCartTest@482f8f11]" name="beforeMethod" is-config="true" duration-ms="1" started-at="2019-09-18T13:54:10Z" finished-at="2019-09-18T13:54:10Z">
          <params>
            <param index="0">
              <value>
                <![CDATA[public void com.flipkart.qa.testcases.productCategoryPage.AddingMultipleProjectToCartTest.addingMultipleProjectToCartTest() throws java.lang.InterruptedException]]>
              </value>
            </param>
          </params>
          <reporter-output>
          </reporter-output>
        </test-method> <!-- beforeMethod -->
        <test-method status="PASS" signature="addingMultipleProjectToCartTest()[pri:0, instance:com.flipkart.qa.testcases.productCategoryPage.AddingMultipleProjectToCartTest@482f8f11]" name="addingMultipleProjectToCartTest" duration-ms="58469" started-at="2019-09-18T13:54:10Z" finished-at="2019-09-18T13:55:08Z">
          <reporter-output>
            <line>
              <![CDATA[addingMultipleProjectToCartTest is started successfully]]>
            </line>
            <line>
              <![CDATA[Closing Login Popup]]>
            </line>
            <line>
              <![CDATA[Mouse hovering to Main Menu Electronics]]>
            </line>
            <line>
              <![CDATA[Mouse hovering to Sub Main Menu Mi]]>
            </line>
            <line>
              <![CDATA[Cliked on the Sub Main Menu Mi]]>
            </line>
            <line>
              <![CDATA[Getting Search Result Page Product(Redmi Note 7 Pro (Space Black, 64 GB)) Offer Price]]>
            </line>
            <line>
              <![CDATA[Clicking Redmi Note 7 Pro (Space Black, 64 GB) from search results]]>
            </line>
            <line>
              <![CDATA[Getting Product Overview Page Product Offer Price]]>
            </line>
            <line>
              <![CDATA[Getting Product Overview Page Product Original Price]]>
            </line>
            <line>
              <![CDATA[Verifiying Search result page Product Offer price 13,999 with product overview page Offer price 13,999]]>
            </line>
            <line>
              <![CDATA[Verifiying Search result page Product Original price 15,999 with product overview page Offer price 15,999]]>
            </line>
            <line>
              <![CDATA[clicking add to cart button]]>
            </line>
            <line>
              <![CDATA[Getting Product Overview Page Product Offer Price]]>
            </line>
            <line>
              <![CDATA[Getting Product Overview Page Product Original Price]]>
            </line>
            <line>
              <![CDATA[Getting View Cart Page Product Offer Price]]>
            </line>
            <line>
              <![CDATA[Getting View Cart Page Product Original Price]]>
            </line>
            <line>
              <![CDATA[Getting Total Items Text]]>
            </line>
            <line>
              <![CDATA[Getting View Cart Page My Total Products Size]]>
            </line>
            <line>
              <![CDATA[Verifiying view page added My cart Total product count 1 with PRICE DETAILS total Items count 1]]>
            </line>
            <line>
              <![CDATA[Getting View Cart Page My Added Products Total Offer Price]]>
            </line>
            <line>
              <![CDATA[Getting View Cart Page Total Payable Price]]>
            </line>
            <line>
              <![CDATA[Verifiying view page added My Cart Total Price 13999 with My Cart Total Payable Price 13999]]>
            </line>
            <line>
              <![CDATA[Getting View Cart Page My Added Products Total Saving Price]]>
            </line>
            <line>
              <![CDATA[Getting View Cart Page My Added Products Total Offer Price]]>
            </line>
            <line>
              <![CDATA[Getting View Cart Page My Added Products Total Orinal Price]]>
            </line>
            <line>
              <![CDATA[Getting View Cart Page You wil Save Price]]>
            </line>
            <line>
              <![CDATA[Verifiying view page added My Cart Save Price 2000 with PRICE DETAILS You Will Save Price 2000]]>
            </line>
            <line>
              <![CDATA[Mouse hovering to Main Menu Men]]>
            </line>
            <line>
              <![CDATA[Mouse hovering to Sub Main Menu Sports Shoes]]>
            </line>
            <line>
              <![CDATA[Cliked on the Sub Main Menu Sports Shoes]]>
            </line>
            <line>
              <![CDATA[Getting Search Result Page Product(WNDR-13 Running Shoes For Men) Offer Price]]>
            </line>
            <line>
              <![CDATA[Clicking WNDR-13 Running Shoes For Men from search results]]>
            </line>
            <line>
              <![CDATA[Getting Product Overview Page Product Offer Price]]>
            </line>
            <line>
              <![CDATA[Getting Product Overview Page Product Original Price]]>
            </line>
            <line>
              <![CDATA[Verifiying Search result page Product Offer price 474 with product overview page Offer price 474]]>
            </line>
            <line>
              <![CDATA[Verifiying Search result page Product Original price 599 with product overview page Offer price 599]]>
            </line>
            <line>
              <![CDATA[clicking add to cart button]]>
            </line>
            <line>
              <![CDATA[Getting Product Overview Page Product Offer Price]]>
            </line>
            <line>
              <![CDATA[Getting Product Overview Page Product Original Price]]>
            </line>
            <line>
              <![CDATA[Getting View Cart Page Product Offer Price]]>
            </line>
            <line>
              <![CDATA[Getting View Cart Page Product Original Price]]>
            </line>
            <line>
              <![CDATA[Verifiying Product overview page Offer price 474 with ViewCart Page Offer price 474]]>
            </line>
            <line>
              <![CDATA[Verifiying Product overview page Original price 599 with ViewCart Page Original price 599]]>
            </line>
            <line>
              <![CDATA[Getting Total Items Text]]>
            </line>
            <line>
              <![CDATA[Getting View Cart Page My Total Products Size]]>
            </line>
            <line>
              <![CDATA[Verifiying view page added My cart Total product count 2 with PRICE DETAILS total Items count 2]]>
            </line>
            <line>
              <![CDATA[Getting View Cart Page My Added Products Total Offer Price]]>
            </line>
            <line>
              <![CDATA[Getting View Cart Page Total Payable Price]]>
            </line>
            <line>
              <![CDATA[Verifiying view page added My Cart Total Price 14473 with My Cart Total Payable Price 14473]]>
            </line>
            <line>
              <![CDATA[Getting View Cart Page My Added Products Total Saving Price]]>
            </line>
            <line>
              <![CDATA[Getting View Cart Page My Added Products Total Offer Price]]>
            </line>
            <line>
              <![CDATA[Getting View Cart Page My Added Products Total Orinal Price]]>
            </line>
            <line>
              <![CDATA[Getting View Cart Page You wil Save Price]]>
            </line>
            <line>
              <![CDATA[Verifiying view page added My Cart Save Price 2125 with PRICE DETAILS You Will Save Price 2125]]>
            </line>
            <line>
              <![CDATA[clicking place order button]]>
            </line>
            <line>
              <![CDATA[addingMultipleProjectToCartTest test case is passed]]>
            </line>
          </reporter-output>
        </test-method> <!-- addingMultipleProjectToCartTest -->
        <test-method status="PASS" signature="afterMthod(org.testng.ITestResult)[pri:0, instance:com.flipkart.qa.testcases.productCategoryPage.AddingMultipleProjectToCartTest@482f8f11]" name="afterMthod" is-config="true" duration-ms="42" started-at="2019-09-18T13:55:08Z" finished-at="2019-09-18T13:55:08Z">
          <params>
            <param index="0">
              <value>
                <![CDATA[[TestResult name=addingMultipleProjectToCartTest status=SUCCESS method=AddingMultipleProjectToCartTest.addingMultipleProjectToCartTest()[pri:0, instance:com.flipkart.qa.testcases.productCategoryPage.AddingMultipleProjectToCartTest@482f8f11] output=addingMultipleProjectToCartTest is started successfully]]]>
              </value>
            </param>
          </params>
          <reporter-output>
          </reporter-output>
        </test-method> <!-- afterMthod -->
        <test-method status="PASS" signature="afterTest()[pri:0, instance:com.flipkart.qa.testcases.productCategoryPage.AddingMultipleProjectToCartTest@482f8f11]" name="afterTest" is-config="true" duration-ms="735" started-at="2019-09-18T13:55:08Z" finished-at="2019-09-18T13:55:09Z">
          <reporter-output>
          </reporter-output>
        </test-method> <!-- afterTest -->
      </class> <!-- com.flipkart.qa.testcases.productCategoryPage.AddingMultipleProjectToCartTest -->
    </test> <!-- Adding Multiple Project To Cart Test -->
  </suite> <!-- Search Result Page Verification -->
</testng-results>
