<?xml version="1.0" encoding="UTF-8"?>
<!-- Generated by org.testng.reporters.JUnitXMLReporter -->
<testsuite hostname="HML-058" ignored="0" name="Verify Login With Valid Credentials" tests="3" failures="0" timestamp="18 Sep 2019 13:52:47 GMT" time="87.477" errors="0">
  <testcase name="loginTestWithValidInput" time="22.595" classname="com.flipkart.qa.testcases.homepage.LoginTestValidInput"/>
  <testcase name="loginTestWithValidInput" time="0.001" classname="com.flipkart.qa.testcases.homepage.LoginTestValidInput">
    <skipped/>
  </testcase> <!-- loginTestWithValidInput -->
  <testcase name="loginTestWithValidInput" time="32.525" classname="com.flipkart.qa.testcases.homepage.LoginTestValidInput"/>
</testsuite> <!-- Verify Login With Valid Credentials -->
