<?xml version="1.0" encoding="UTF-8"?>
<testng-results skipped="0" failed="1" ignored="0" total="3" passed="2">
  <reporter-output>
    <line>
      <![CDATA[Login into application]]>
    </line>
    <line>
      <![CDATA[Entering Email Id 0r Mobile Number floret.classifiedads5@gmail.com]]>
    </line>
    <line>
      <![CDATA[Entering Password 70307134506]]>
    </line>
    <line>
      <![CDATA[clicked 70307134506]]>
    </line>
    <line>
      <![CDATA[Logout Successfully]]>
    </line>
    <line>
      <![CDATA[Login into application]]>
    </line>
    <line>
      <![CDATA[Entering Email Id 0r Mobile Number floret.classifiedads5@gmail.com]]>
    </line>
    <line>
      <![CDATA[Entering Password 70307134506]]>
    </line>
    <line>
      <![CDATA[clicked 70307134506]]>
    </line>
    <line>
      <![CDATA[Logout Successfully]]>
    </line>
    <line>
      <![CDATA[Login into application]]>
    </line>
    <line>
      <![CDATA[Entering Email Id 0r Mobile Number 8553610403]]>
    </line>
    <line>
      <![CDATA[Entering Password f17890k]]>
    </line>
    <line>
      <![CDATA[clicked f17890k]]>
    </line>
    <line>
      <![CDATA[<a href='C:\Users\HousingMan\eclipse-workspace\FlipkartPomDD\src\main\resources\screenShots\loginTestWithValidInput_16_08_2019_04_13_04.png'><img src='C:\Users\HousingMan\eclipse-workspace\FlipkartPomDD\src\main\resources\screenShots\loginTestWithValidInput_16_08_2019_04_13_04.png'height='100' width='100'></a>]]>
    </line>
  </reporter-output>
  <suite name="Default suite" duration-ms="18993" started-at="2019-08-16T10:42:46Z" finished-at="2019-08-16T10:43:05Z">
    <groups>
    </groups>
    <test name="Default test" duration-ms="18993" started-at="2019-08-16T10:42:46Z" finished-at="2019-08-16T10:43:05Z">
      <class name="com.flipkart.qa.testcases.homepage.LoginTestValidInput">
        <test-method status="PASS" signature="beforeSuite()[pri:0, instance:com.flipkart.qa.testcases.homepage.LoginTestValidInput@73846619]" name="beforeSuite" is-config="true" duration-ms="130" started-at="2019-08-16T10:42:46Z" finished-at="2019-08-16T10:42:46Z">
          <reporter-output>
          </reporter-output>
        </test-method> <!-- beforeSuite -->
        <test-method status="PASS" signature="beforeTest()[pri:0, instance:com.flipkart.qa.testcases.homepage.LoginTestValidInput@73846619]" name="beforeTest" is-config="true" duration-ms="3" started-at="2019-08-16T10:42:46Z" finished-at="2019-08-16T10:42:46Z">
          <reporter-output>
          </reporter-output>
        </test-method> <!-- beforeTest -->
        <test-method status="PASS" signature="setup()[pri:0, instance:com.flipkart.qa.testcases.homepage.LoginTestValidInput@73846619]" name="setup" is-config="true" duration-ms="6721" started-at="2019-08-16T10:42:46Z" finished-at="2019-08-16T10:42:53Z">
          <reporter-output>
          </reporter-output>
        </test-method> <!-- setup -->
        <test-method status="PASS" signature="beforeMethod(java.lang.reflect.Method)[pri:0, instance:com.flipkart.qa.testcases.homepage.LoginTestValidInput@73846619]" name="beforeMethod" is-config="true" duration-ms="3" started-at="2019-08-16T10:42:54Z" finished-at="2019-08-16T10:42:54Z">
          <params>
            <param index="0">
              <value>
                <![CDATA[public void com.flipkart.qa.testcases.homepage.LoginTestValidInput.loginTestWithValidInput(java.lang.String,java.lang.String,java.lang.String) throws java.lang.InterruptedException]]>
              </value>
            </param>
          </params>
          <reporter-output>
          </reporter-output>
        </test-method> <!-- beforeMethod -->
        <test-method status="PASS" signature="loginTestWithValidInput(java.lang.String, java.lang.String, java.lang.String)[pri:0, instance:com.flipkart.qa.testcases.homepage.LoginTestValidInput@73846619]" name="loginTestWithValidInput" duration-ms="2670" started-at="2019-08-16T10:42:54Z" data-provider="testData" finished-at="2019-08-16T10:42:56Z">
          <params>
            <param index="0">
              <value>
                <![CDATA[floret.classifiedads5@gmail.com]]>
              </value>
            </param>
            <param index="1">
              <value>
                <![CDATA[70307134506]]>
              </value>
            </param>
            <param index="2">
              <value>
                <![CDATA[Y]]>
              </value>
            </param>
          </params>
          <reporter-output>
            <line>
              <![CDATA[Login into application]]>
            </line>
            <line>
              <![CDATA[Entering Email Id 0r Mobile Number floret.classifiedads5@gmail.com]]>
            </line>
            <line>
              <![CDATA[Entering Password 70307134506]]>
            </line>
            <line>
              <![CDATA[clicked 70307134506]]>
            </line>
            <line>
              <![CDATA[Logout Successfully]]>
            </line>
          </reporter-output>
        </test-method> <!-- loginTestWithValidInput -->
        <test-method status="PASS" signature="afterMthod(org.testng.ITestResult)[pri:0, instance:com.flipkart.qa.testcases.homepage.LoginTestValidInput@73846619]" name="afterMthod" is-config="true" duration-ms="256" started-at="2019-08-16T10:42:56Z" finished-at="2019-08-16T10:42:57Z">
          <params>
            <param index="0">
              <value>
                <![CDATA[[TestResult name=loginTestWithValidInput status=SUCCESS method=LoginTestValidInput.loginTestWithValidInput(java.lang.String, java.lang.String, java.lang.String)[pri:0, instance:com.flipkart.qa.testcases.homepage.LoginTestValidInput@73846619] output=Login into application]]]>
              </value>
            </param>
          </params>
          <reporter-output>
          </reporter-output>
        </test-method> <!-- afterMthod -->
        <test-method status="PASS" signature="beforeMethod(java.lang.reflect.Method)[pri:0, instance:com.flipkart.qa.testcases.homepage.LoginTestValidInput@73846619]" name="beforeMethod" is-config="true" duration-ms="3" started-at="2019-08-16T10:42:57Z" finished-at="2019-08-16T10:42:57Z">
          <params>
            <param index="0">
              <value>
                <![CDATA[public void com.flipkart.qa.testcases.homepage.LoginTestValidInput.loginTestWithValidInput(java.lang.String,java.lang.String,java.lang.String) throws java.lang.InterruptedException]]>
              </value>
            </param>
          </params>
          <reporter-output>
          </reporter-output>
        </test-method> <!-- beforeMethod -->
        <test-method status="PASS" signature="loginTestWithValidInput(java.lang.String, java.lang.String, java.lang.String)[pri:0, instance:com.flipkart.qa.testcases.homepage.LoginTestValidInput@73846619]" name="loginTestWithValidInput" duration-ms="2256" started-at="2019-08-16T10:42:57Z" data-provider="testData" finished-at="2019-08-16T10:42:59Z">
          <params>
            <param index="0">
              <value>
                <![CDATA[floret.classifiedads5@gmail.com]]>
              </value>
            </param>
            <param index="1">
              <value>
                <![CDATA[70307134506]]>
              </value>
            </param>
            <param index="2">
              <value>
                <![CDATA[Y]]>
              </value>
            </param>
          </params>
          <reporter-output>
            <line>
              <![CDATA[Login into application]]>
            </line>
            <line>
              <![CDATA[Entering Email Id 0r Mobile Number floret.classifiedads5@gmail.com]]>
            </line>
            <line>
              <![CDATA[Entering Password 70307134506]]>
            </line>
            <line>
              <![CDATA[clicked 70307134506]]>
            </line>
            <line>
              <![CDATA[Logout Successfully]]>
            </line>
          </reporter-output>
        </test-method> <!-- loginTestWithValidInput -->
        <test-method status="PASS" signature="afterMthod(org.testng.ITestResult)[pri:0, instance:com.flipkart.qa.testcases.homepage.LoginTestValidInput@73846619]" name="afterMthod" is-config="true" duration-ms="49" started-at="2019-08-16T10:42:59Z" finished-at="2019-08-16T10:42:59Z">
          <params>
            <param index="0">
              <value>
                <![CDATA[[TestResult name=loginTestWithValidInput status=SUCCESS method=LoginTestValidInput.loginTestWithValidInput(java.lang.String, java.lang.String, java.lang.String)[pri:0, instance:com.flipkart.qa.testcases.homepage.LoginTestValidInput@73846619] output=Login into application]]]>
              </value>
            </param>
          </params>
          <reporter-output>
          </reporter-output>
        </test-method> <!-- afterMthod -->
        <test-method status="PASS" signature="beforeMethod(java.lang.reflect.Method)[pri:0, instance:com.flipkart.qa.testcases.homepage.LoginTestValidInput@73846619]" name="beforeMethod" is-config="true" duration-ms="2" started-at="2019-08-16T10:42:59Z" finished-at="2019-08-16T10:42:59Z">
          <params>
            <param index="0">
              <value>
                <![CDATA[public void com.flipkart.qa.testcases.homepage.LoginTestValidInput.loginTestWithValidInput(java.lang.String,java.lang.String,java.lang.String) throws java.lang.InterruptedException]]>
              </value>
            </param>
          </params>
          <reporter-output>
          </reporter-output>
        </test-method> <!-- beforeMethod -->
        <test-method status="FAIL" signature="loginTestWithValidInput(java.lang.String, java.lang.String, java.lang.String)[pri:0, instance:com.flipkart.qa.testcases.homepage.LoginTestValidInput@73846619]" name="loginTestWithValidInput" duration-ms="5332" started-at="2019-08-16T10:42:59Z" data-provider="testData" finished-at="2019-08-16T10:43:04Z">
          <params>
            <param index="0">
              <value>
                <![CDATA[8553610403]]>
              </value>
            </param>
            <param index="1">
              <value>
                <![CDATA[f17890k]]>
              </value>
            </param>
            <param index="2">
              <value>
                <![CDATA[Y]]>
              </value>
            </param>
          </params>
          <exception class="org.openqa.selenium.NoSuchElementException">
            <message>
              <![CDATA[no such element: Unable to locate element: {"method":"xpath","selector":"//*[@id='container']/div/div[1]/div[1]/div[2]/div[3]/div/div/div/div"}
  (Session info: chrome=76.0.3809.100)
For documentation on this error, please visit: https://www.seleniumhq.org/exceptions/no_such_element.html
Build info: version: '3.141.59', revision: 'e82be7d358', time: '2018-11-14T08:17:03'
System info: host: 'HML-058', ip: '192.168.0.5', os.name: 'Windows 10', os.arch: 'amd64', os.version: '10.0', java.version: '1.8.0_181'
Driver info: org.openqa.selenium.chrome.ChromeDriver
Capabilities {acceptInsecureCerts: false, browserName: chrome, browserVersion: 76.0.3809.100, chrome: {chromedriverVersion: 76.0.3809.68 (420c9498db8ce..., userDataDir: C:\Users\HOUSIN~1\AppData\L...}, goog:chromeOptions: {debuggerAddress: localhost:62407}, javascriptEnabled: true, networkConnectionEnabled: false, pageLoadStrategy: normal, platform: XP, platformName: XP, proxy: Proxy(), setWindowRect: true, strictFileInteractability: false, timeouts: {implicit: 0, pageLoad: 300000, script: 30000}, unhandledPromptBehavior: dismiss and notify}
Session ID: cd50d4c1b6d47aabb0f90433d05581a6
*** Element info: {Using=xpath, value=//*[@id='container']/div/div[1]/div[1]/div[2]/div[3]/div/div/div/div}]]>
            </message>
            <full-stacktrace>
              <![CDATA[org.openqa.selenium.NoSuchElementException: no such element: Unable to locate element: {"method":"xpath","selector":"//*[@id='container']/div/div[1]/div[1]/div[2]/div[3]/div/div/div/div"}
  (Session info: chrome=76.0.3809.100)
For documentation on this error, please visit: https://www.seleniumhq.org/exceptions/no_such_element.html
Build info: version: '3.141.59', revision: 'e82be7d358', time: '2018-11-14T08:17:03'
System info: host: 'HML-058', ip: '192.168.0.5', os.name: 'Windows 10', os.arch: 'amd64', os.version: '10.0', java.version: '1.8.0_181'
Driver info: org.openqa.selenium.chrome.ChromeDriver
Capabilities {acceptInsecureCerts: false, browserName: chrome, browserVersion: 76.0.3809.100, chrome: {chromedriverVersion: 76.0.3809.68 (420c9498db8ce..., userDataDir: C:\Users\HOUSIN~1\AppData\L...}, goog:chromeOptions: {debuggerAddress: localhost:62407}, javascriptEnabled: true, networkConnectionEnabled: false, pageLoadStrategy: normal, platform: XP, platformName: XP, proxy: Proxy(), setWindowRect: true, strictFileInteractability: false, timeouts: {implicit: 0, pageLoad: 300000, script: 30000}, unhandledPromptBehavior: dismiss and notify}
Session ID: cd50d4c1b6d47aabb0f90433d05581a6
*** Element info: {Using=xpath, value=//*[@id='container']/div/div[1]/div[1]/div[2]/div[3]/div/div/div/div}
at sun.reflect.NativeConstructorAccessorImpl.newInstance0(Native Method)
at sun.reflect.NativeConstructorAccessorImpl.newInstance(NativeConstructorAccessorImpl.java:62)
at sun.reflect.DelegatingConstructorAccessorImpl.newInstance(DelegatingConstructorAccessorImpl.java:45)
at java.lang.reflect.Constructor.newInstance(Constructor.java:423)
at org.openqa.selenium.remote.http.W3CHttpResponseCodec.createException(W3CHttpResponseCodec.java:187)
at org.openqa.selenium.remote.http.W3CHttpResponseCodec.decode(W3CHttpResponseCodec.java:122)
at org.openqa.selenium.remote.http.W3CHttpResponseCodec.decode(W3CHttpResponseCodec.java:49)
at org.openqa.selenium.remote.HttpCommandExecutor.execute(HttpCommandExecutor.java:158)
at org.openqa.selenium.remote.service.DriverCommandExecutor.execute(DriverCommandExecutor.java:83)
at org.openqa.selenium.remote.RemoteWebDriver.execute(RemoteWebDriver.java:552)
at org.openqa.selenium.remote.RemoteWebDriver.findElement(RemoteWebDriver.java:323)
at org.openqa.selenium.remote.RemoteWebDriver.findElementByXPath(RemoteWebDriver.java:428)
at org.openqa.selenium.By$ByXPath.findElement(By.java:353)
at org.openqa.selenium.remote.RemoteWebDriver.findElement(RemoteWebDriver.java:315)
at org.openqa.selenium.support.pagefactory.DefaultElementLocator.findElement(DefaultElementLocator.java:69)
at org.openqa.selenium.support.pagefactory.internal.LocatingElementHandler.invoke(LocatingElementHandler.java:38)
at com.sun.proxy.$Proxy14.getText(Unknown Source)
at com.flipkart.qa.util.ExplicitWait.waitForWebElementToVisible(ExplicitWait.java:23)
at com.flipkart.qa.pages.HomePage.verifySuccessLoginMsg(HomePage.java:71)
at com.flipkart.qa.testcases.homepage.LoginTestValidInput.loginTestWithValidInput(LoginTestValidInput.java:43)
at sun.reflect.NativeMethodAccessorImpl.invoke0(Native Method)
at sun.reflect.NativeMethodAccessorImpl.invoke(NativeMethodAccessorImpl.java:62)
at sun.reflect.DelegatingMethodAccessorImpl.invoke(DelegatingMethodAccessorImpl.java:43)
at java.lang.reflect.Method.invoke(Method.java:498)
at org.testng.internal.MethodInvocationHelper.invokeMethod(MethodInvocationHelper.java:124)
at org.testng.internal.Invoker.invokeMethod(Invoker.java:583)
at org.testng.internal.Invoker.invokeTestMethod(Invoker.java:719)
at org.testng.internal.Invoker.invokeTestMethods(Invoker.java:989)
at org.testng.internal.TestMethodWorker.invokeTestMethods(TestMethodWorker.java:125)
at org.testng.internal.TestMethodWorker.run(TestMethodWorker.java:109)
at org.testng.TestRunner.privateRun(TestRunner.java:648)
at org.testng.TestRunner.run(TestRunner.java:505)
at org.testng.SuiteRunner.runTest(SuiteRunner.java:455)
at org.testng.SuiteRunner.runSequentially(SuiteRunner.java:450)
at org.testng.SuiteRunner.privateRun(SuiteRunner.java:415)
at org.testng.SuiteRunner.run(SuiteRunner.java:364)
at org.testng.SuiteRunnerWorker.runSuite(SuiteRunnerWorker.java:52)
at org.testng.SuiteRunnerWorker.run(SuiteRunnerWorker.java:84)
at org.testng.TestNG.runSuitesSequentially(TestNG.java:1208)
at org.testng.TestNG.runSuitesLocally(TestNG.java:1137)
at org.testng.TestNG.runSuites(TestNG.java:1049)
at org.testng.TestNG.run(TestNG.java:1017)
at org.testng.remote.AbstractRemoteTestNG.run(AbstractRemoteTestNG.java:114)
at org.testng.remote.RemoteTestNG.initAndRun(RemoteTestNG.java:251)
at org.testng.remote.RemoteTestNG.main(RemoteTestNG.java:77)
]]>
            </full-stacktrace>
          </exception> <!-- org.openqa.selenium.NoSuchElementException -->
          <reporter-output>
            <line>
              <![CDATA[Login into application]]>
            </line>
            <line>
              <![CDATA[Entering Email Id 0r Mobile Number 8553610403]]>
            </line>
            <line>
              <![CDATA[Entering Password f17890k]]>
            </line>
            <line>
              <![CDATA[clicked f17890k]]>
            </line>
          </reporter-output>
        </test-method> <!-- loginTestWithValidInput -->
        <test-method status="PASS" signature="afterMthod(org.testng.ITestResult)[pri:0, instance:com.flipkart.qa.testcases.homepage.LoginTestValidInput@73846619]" name="afterMthod" is-config="true" duration-ms="526" started-at="2019-08-16T10:43:04Z" finished-at="2019-08-16T10:43:05Z">
          <params>
            <param index="0">
              <value>
                <![CDATA[[TestResult name=loginTestWithValidInput status=FAILURE method=LoginTestValidInput.loginTestWithValidInput(java.lang.String, java.lang.String, java.lang.String)[pri:0, instance:com.flipkart.qa.testcases.homepage.LoginTestValidInput@73846619] output=Login into application]]]>
              </value>
            </param>
          </params>
          <reporter-output>
            <line>
              <![CDATA[<a href='C:\Users\HousingMan\eclipse-workspace\FlipkartPomDD\src\main\resources\screenShots\loginTestWithValidInput_16_08_2019_04_13_04.png'><img src='C:\Users\HousingMan\eclipse-workspace\FlipkartPomDD\src\main\resources\screenShots\loginTestWithValidInput_16_08_2019_04_13_04.png'height='100' width='100'></a>]]>
            </line>
          </reporter-output>
        </test-method> <!-- afterMthod -->
        <test-method status="PASS" signature="afterTest()[pri:0, instance:com.flipkart.qa.testcases.homepage.LoginTestValidInput@73846619]" name="afterTest" is-config="true" duration-ms="667" started-at="2019-08-16T10:43:05Z" finished-at="2019-08-16T10:43:05Z">
          <reporter-output>
          </reporter-output>
        </test-method> <!-- afterTest -->
      </class> <!-- com.flipkart.qa.testcases.homepage.LoginTestValidInput -->
    </test> <!-- Default test -->
  </suite> <!-- Default suite -->
</testng-results>
